<?xml version="1.0" encoding="UTF-8"?>
<testsuite xmlns:xsi="http://www.w3.org/2001/XMLSchema-instance" xsi:noNamespaceSchemaLocation="https://maven.apache.org/surefire/maven-surefire-plugin/xsd/surefire-test-report-3.0.xsd" version="3.0" name="com.example.render_demo.RenderDemoApplicationTests" time="4.533" tests="1" errors="0" skipped="0" failures="0">
  <properties>
[...]
</properties>
  <testcase name="contextLoads" classname="com.example.render_demo.RenderDemoApplicationTests" time="1.199">
    <system-out><![CDATA[21:06:02.849 [main] INFO org.springframework.test.context.support.AnnotationConfigContextLoaderUtils -- Could not detect default configuration classes for test class [com.example.render_demo.RenderDemoApplicationTests]: RenderDemoApplicationTests does not declare any static, non-private, non-final, nested classes annotated with @Configuration.
21:06:03.029 [main] INFO org.springframework.boot.test.context.SpringBootTestContextBootstrapper -- Found @SpringBootConfiguration com.example.render_demo.RenderDemoApplication for test class com.example.render_demo.RenderDemoApplicationTests

  .   ____          _            __ _ _
 /\\ / ___'_ __ _ _(_)_ __  __ _ \ \ \ \
( ( )\___ | '_ | '_| | '_ \/ _` | \ \ \ \
 \\/  ___)| |_)| | | | | || (_| |  ) ) ) )
  '  |____| .__|_| |_|_| |_\__, | / / / /
 =========|_|==============|___/=/_/_/_/
 :: Spring Boot ::                (v3.1.0)

2023-06-14T21:06:03.703+03:00  INFO 5824 --- [           main] c.e.r.RenderDemoApplicationTests         : Starting RenderDemoApplicationTests using Java 17.0.1 with PID 5824 (started by VISION in C:\Users\VISION\IdeaProjects\render_demo)
2023-06-14T21:06:03.705+03:00  INFO 5824 --- [           main] c.e.r.RenderDemoApplicationTests         : No active profile set, falling back to 1 default profile: "default"
2023-06-14T21:06:04.944+03:00  INFO 5824 --- [           main] trationDelegate$BeanPostProcessorChecker : Bean 'org.springframework.ws.config.annotation.DelegatingWsConfiguration' of type [org.springframework.ws.config.annotation.DelegatingWsConfiguration$$SpringCGLIB$$0] is not eligible for getting processed by all BeanPostProcessors (for example: not eligible for auto-proxying)
2023-06-14T21:06:04.988+03:00  INFO 5824 --- [           main] .w.s.a.s.AnnotationActionEndpointMapping : Supporting [WS-Addressing August 2004, WS-Addressing 1.0]
2023-06-14T21:06:05.876+03:00  INFO 5824 --- [           main] c.e.r.RenderDemoApplicationTests         : Started RenderDemoApplicationTests in 2.557 seconds (process running for 4.242)
]]></system-out>
  </testcase>
</testsuite>